c:\users\tobz4\source\repos\assignmentone\assignmentone\x64\debug\vc143.pdb
c:\users\tobz4\source\repos\assignmentone\assignmentone\x64\debug\vc143.idb
c:\users\tobz4\source\repos\assignmentone\assignmentone\x64\debug\zombie.obj
c:\users\tobz4\source\repos\assignmentone\assignmentone\x64\debug\textrender.obj
c:\users\tobz4\source\repos\assignmentone\assignmentone\x64\debug\room.obj
c:\users\tobz4\source\repos\assignmentone\assignmentone\x64\debug\player.obj
c:\users\tobz4\source\repos\assignmentone\assignmentone\x64\debug\monsterworld.obj
c:\users\tobz4\source\repos\assignmentone\assignmentone\x64\debug\main.obj
c:\users\tobz4\source\repos\assignmentone\assignmentone\x64\debug\infobar.obj
c:\users\tobz4\source\repos\assignmentone\assignmentone\x64\debug\door.obj
c:\users\tobz4\source\repos\assignmentone\assignmentone\x64\debug\enemy.obj
c:\users\tobz4\source\repos\assignmentone\assignmentone\x64\debug\character.obj
c:\users\tobz4\source\repos\assignmentone\assignmentone\x64\debug\boss.obj
c:\users\tobz4\source\repos\assignmentone\assignmentone\x64\debug\animatedsprite.obj
c:\users\tobz4\source\repos\assignmentone\assignmentone\x64\debug\actor.obj
c:\users\tobz4\source\repos\assignmentone\x64\debug\assignmentone.exe
c:\users\tobz4\source\repos\assignmentone\x64\debug\assignmentone.pdb
c:\users\tobz4\source\repos\assignmentone\assignmentone\x64\debug\assignmentone.ilk
c:\users\tobz4\source\repos\assignmentone\assignmentone\x64\debug\assignmentone.tlog\cl.command.1.tlog
c:\users\tobz4\source\repos\assignmentone\assignmentone\x64\debug\assignmentone.tlog\cl.items.tlog
c:\users\tobz4\source\repos\assignmentone\assignmentone\x64\debug\assignmentone.tlog\cl.read.1.tlog
c:\users\tobz4\source\repos\assignmentone\assignmentone\x64\debug\assignmentone.tlog\cl.write.1.tlog
c:\users\tobz4\source\repos\assignmentone\assignmentone\x64\debug\assignmentone.tlog\link.command.1.tlog
c:\users\tobz4\source\repos\assignmentone\assignmentone\x64\debug\assignmentone.tlog\link.read.1.tlog
c:\users\tobz4\source\repos\assignmentone\assignmentone\x64\debug\assignmentone.tlog\link.secondary.1.tlog
c:\users\tobz4\source\repos\assignmentone\assignmentone\x64\debug\assignmentone.tlog\link.write.1.tlog
